<?xml version="1.0" encoding="UTF-8"?>
<!-- Generated by org.testng.reporters.JUnitReportReporter -->
<testsuite hostname="DESKTOP-D615V7M" failures="0" tests="4" name="Slidone.Slidoneproject.Lineup" time="18.264" errors="2" timestamp="2024-12-21T11:30:16 IST" skipped="0">
  <testcase classname="Slidone.Slidoneproject.Lineup" name="loginTest" time="2.907"/>
  <testcase classname="Slidone.Slidoneproject.Lineup" name="createPresentationTest" time="6.298"/>
  <testcase classname="Slidone.Slidoneproject.Lineup" name="lineupTest" time="8.747">
    <error message="element not interactable
  (Session info: chrome=131.0.6778.140)
Build info: version: &#039;4.25.0&#039;, revision: &#039;8a8aea2337&#039;
System info: os.name: &#039;Windows 11&#039;, os.arch: &#039;amd64&#039;, os.version: &#039;10.0&#039;, java.version: &#039;22.0.1&#039;
Driver info: org.openqa.selenium.chrome.ChromeDriver
Command: [2e73fcf9080207d894a1b579bff9ea0b, clickElement {id=f.DC36891EA2F508BF7F4A31DE09547D80.d.6D3C51E4DC2A9A1DF9E2299D4F307DCF.e.211}]
Capabilities {acceptInsecureCerts: false, browserName: chrome, browserVersion: 131.0.6778.140, chrome: {chromedriverVersion: 131.0.6778.204 (52183f9e99a..., userDataDir: C:\Users\Prabha\AppData\Loc...}, fedcm:accounts: true, goog:chromeOptions: {debuggerAddress: localhost:62532}, networkConnectionEnabled: false, pageLoadStrategy: normal, platformName: windows, proxy: Proxy(), se:cdp: ws://localhost:62532/devtoo..., se:cdpVersion: 131.0.6778.140, setWindowRect: true, strictFileInteractability: false, timeouts: {implicit: 0, pageLoad: 300000, script: 30000}, unhandledPromptBehavior: dismiss and notify, webauthn:extension:credBlob: true, webauthn:extension:largeBlob: true, webauthn:extension:minPinLength: true, webauthn:extension:prf: true, webauthn:virtualAuthenticators: true}
Element: [[ChromeDriver: chrome on windows (2e73fcf9080207d894a1b579bff9ea0b)] -&gt; xpath: (//a[@class=&#039;slide-list-hover&#039;])[15]]
Session ID: 2e73fcf9080207d894a1b579bff9ea0b" type="org.openqa.selenium.ElementNotInteractableException">
      <![CDATA[org.openqa.selenium.ElementNotInteractableException: element not interactable
  (Session info: chrome=131.0.6778.140)
Build info: version: '4.25.0', revision: '8a8aea2337'
System info: os.name: 'Windows 11', os.arch: 'amd64', os.version: '10.0', java.version: '22.0.1'
Driver info: org.openqa.selenium.chrome.ChromeDriver
Command: [2e73fcf9080207d894a1b579bff9ea0b, clickElement {id=f.DC36891EA2F508BF7F4A31DE09547D80.d.6D3C51E4DC2A9A1DF9E2299D4F307DCF.e.211}]
Capabilities {acceptInsecureCerts: false, browserName: chrome, browserVersion: 131.0.6778.140, chrome: {chromedriverVersion: 131.0.6778.204 (52183f9e99a..., userDataDir: C:\Users\Prabha\AppData\Loc...}, fedcm:accounts: true, goog:chromeOptions: {debuggerAddress: localhost:62532}, networkConnectionEnabled: false, pageLoadStrategy: normal, platformName: windows, proxy: Proxy(), se:cdp: ws://localhost:62532/devtoo..., se:cdpVersion: 131.0.6778.140, setWindowRect: true, strictFileInteractability: false, timeouts: {implicit: 0, pageLoad: 300000, script: 30000}, unhandledPromptBehavior: dismiss and notify, webauthn:extension:credBlob: true, webauthn:extension:largeBlob: true, webauthn:extension:minPinLength: true, webauthn:extension:prf: true, webauthn:virtualAuthenticators: true}
Element: [[ChromeDriver: chrome on windows (2e73fcf9080207d894a1b579bff9ea0b)] -> xpath: (//a[@class='slide-list-hover'])[15]]
Session ID: 2e73fcf9080207d894a1b579bff9ea0b
at java.base/jdk.internal.reflect.DirectConstructorHandleAccessor.newInstance(DirectConstructorHandleAccessor.java:62)
at java.base/java.lang.reflect.Constructor.newInstanceWithCaller(Constructor.java:502)
at java.base/java.lang.reflect.Constructor.newInstance(Constructor.java:486)
at org.openqa.selenium.remote.ErrorCodec.decode(ErrorCodec.java:167)
at org.openqa.selenium.remote.codec.w3c.W3CHttpResponseCodec.decode(W3CHttpResponseCodec.java:138)
at org.openqa.selenium.remote.codec.w3c.W3CHttpResponseCodec.decode(W3CHttpResponseCodec.java:50)
at org.openqa.selenium.remote.HttpCommandExecutor.execute(HttpCommandExecutor.java:190)
at org.openqa.selenium.remote.service.DriverCommandExecutor.invokeExecute(DriverCommandExecutor.java:216)
at org.openqa.selenium.remote.service.DriverCommandExecutor.execute(DriverCommandExecutor.java:174)
at org.openqa.selenium.remote.RemoteWebDriver.execute(RemoteWebDriver.java:545)
at org.openqa.selenium.remote.RemoteWebElement.execute(RemoteWebElement.java:223)
at org.openqa.selenium.remote.RemoteWebElement.click(RemoteWebElement.java:76)
at Slidone.Slidoneproject.Lineup.lineupTest(Lineup.java:65)
at java.base/jdk.internal.reflect.DirectMethodHandleAccessor.invoke(DirectMethodHandleAccessor.java:103)
at java.base/java.lang.reflect.Method.invoke(Method.java:580)
at org.testng.internal.invokers.MethodInvocationHelper.invokeMethod(MethodInvocationHelper.java:141)
at org.testng.internal.invokers.TestInvoker.invokeMethod(TestInvoker.java:686)
at org.testng.internal.invokers.TestInvoker.invokeTestMethod(TestInvoker.java:230)
at org.testng.internal.invokers.MethodRunner.runInSequence(MethodRunner.java:63)
at org.testng.internal.invokers.TestInvoker$MethodInvocationAgent.invoke(TestInvoker.java:992)
at org.testng.internal.invokers.TestInvoker.invokeTestMethods(TestInvoker.java:203)
at org.testng.internal.invokers.TestMethodWorker.invokeTestMethods(TestMethodWorker.java:154)
at org.testng.internal.invokers.TestMethodWorker.run(TestMethodWorker.java:134)
at java.base/java.util.ArrayList.forEach(ArrayList.java:1597)
at org.testng.TestRunner.privateRun(TestRunner.java:739)
at org.testng.TestRunner.run(TestRunner.java:614)
at org.testng.SuiteRunner.runTest(SuiteRunner.java:421)
at org.testng.SuiteRunner.runSequentially(SuiteRunner.java:413)
at org.testng.SuiteRunner.privateRun(SuiteRunner.java:373)
at org.testng.SuiteRunner.run(SuiteRunner.java:312)
at org.testng.SuiteRunnerWorker.runSuite(SuiteRunnerWorker.java:52)
at org.testng.SuiteRunnerWorker.run(SuiteRunnerWorker.java:95)
at org.testng.TestNG.runSuitesSequentially(TestNG.java:1274)
at org.testng.TestNG.runSuitesLocally(TestNG.java:1208)
at org.testng.TestNG.runSuites(TestNG.java:1112)
at org.testng.TestNG.run(TestNG.java:1079)
at org.testng.remote.AbstractRemoteTestNG.run(AbstractRemoteTestNG.java:115)
at org.testng.remote.RemoteTestNG.initAndRun(RemoteTestNG.java:293)
at org.testng.remote.RemoteTestNG.main(RemoteTestNG.java:91)
]]>
    </error>
  </testcase> <!-- lineupTest -->
  <testcase classname="Slidone.Slidoneproject.Lineup" name="submitresponse" time="0.312">
    <error message="invalid argument
  (Session info: chrome=131.0.6778.140)
Build info: version: &#039;4.25.0&#039;, revision: &#039;8a8aea2337&#039;
System info: os.name: &#039;Windows 11&#039;, os.arch: &#039;amd64&#039;, os.version: &#039;10.0&#039;, java.version: &#039;22.0.1&#039;
Driver info: org.openqa.selenium.chrome.ChromeDriver
Command: [2e73fcf9080207d894a1b579bff9ea0b, get {url=//Open in new tab and paste the link
			@Test(priority = 4)
			public void submitresponse() throws InterruptedException, UnsupportedFlavorException, IOException{
				String myText = (String) Toolkit.getDefaultToolkit().getSystemClipboard().getData(DataFlavor.stringFlavor);
				JavascriptExecutor js = (JavascriptExecutor) driver;
		        js.executeScript(&quot;window.open();&quot;);
		        
		        Set&lt;String&gt; windowHandles = driver.getWindowHandles();
		        String[] handles = windowHandles.toArray(new String[0]);
	            driver.switchTo().window(handles[handles.length - 1]);
	            driver.get(myText);
	            Actions actions1 = new Actions(driver);
	        	actions1.sendKeys(Keys.ENTER).perform();
		         String presentationLink = (String) Toolkit.getDefaultToolkit().getSystemClipboard().getData(DataFlavor.stringFlavor);
		         String currentWindowHandle = driver.getWindowHandle();
		            String originalTab = driver.getWindowHandle();
		            Set&lt;String&gt; allWindowHandles = driver.getWindowHandles();
		            ArrayList&lt;String&gt; tabs = new ArrayList&lt;&gt;(allWindowHandles);
		         driver.switchTo().window(handles[handles.length - 1]); // Switch to the new tab
		         driver.get(presentationLink);
		         wait.until(ExpectedConditions.visibilityOfElementLocated(By.tagName(&quot;input&quot;))).click();
	                wait.until(ExpectedConditions.visibilityOfElementLocated(By.tagName(&quot;input&quot;))).sendKeys(&quot;prabha&quot;);
	                wait.until(ExpectedConditions.visibilityOfElementLocated(By.xpath(&quot;(//button[@class=&#039;btn btn-primary btn-align w-100 ng-tns-c41-0&#039;])[1]&quot;))).click();
	                driver.switchTo().window(tabs.get(0));
	                wait.until(ExpectedConditions.visibilityOfElementLocated(By.xpath(&quot;(//span[normalize-space()=\&quot;Let&#039;s go\&quot;])[1]&quot;))).click();
	                driver.switchTo().window(tabs.get(1));
	        	 wait.until(ExpectedConditions.elementToBeClickable(By.xpath(&quot;(//a[@class=&#039;text-decoration-none drag-hand&#039;])[1]&quot;))).click();
	        	 wait.until(ExpectedConditions.elementToBeClickable(By.xpath(&quot;(//a[@class=&#039;text-decoration-none drag-hand&#039;])[1]&quot;))).click();
	        	 wait.until(ExpectedConditions.elementToBeClickable(By.xpath(&quot;(//a[@class=&#039;text-decoration-none drag-hand&#039;])[1]&quot;))).click();
	        	 wait.until(ExpectedConditions.elementToBeClickable(By.xpath(&quot;(//a[@class=&#039;text-decoration-none drag-hand&#039;])[1]&quot;))).click();
	        	 Thread.sleep(3000);
	        	 JavascriptExecutor js2 = (JavascriptExecutor) driver;

	        	// Scroll to the bottom of the page
	        	js2.executeScript(&quot;window.scrollTo(0, document.body.scrollHeight);&quot;);
	        	 wait.until(ExpectedConditions.elementToBeClickable(By.xpath(&quot;(//a[@class=&#039;text-decoration-none drag-hand&#039;])[1]&quot;))).click();
	        	
	        	 WebElement element = wait.until(ExpectedConditions.elementToBeClickable(By.xpath(&quot;//span[text()=&#039;Submit&#039;]&quot;)));
	        	    element.click();}]
Capabilities {acceptInsecureCerts: false, browserName: chrome, browserVersion: 131.0.6778.140, chrome: {chromedriverVersion: 131.0.6778.204 (52183f9e99a..., userDataDir: C:\Users\Prabha\AppData\Loc...}, fedcm:accounts: true, goog:chromeOptions: {debuggerAddress: localhost:62532}, networkConnectionEnabled: false, pageLoadStrategy: normal, platformName: windows, proxy: Proxy(), se:cdp: ws://localhost:62532/devtoo..., se:cdpVersion: 131.0.6778.140, setWindowRect: true, strictFileInteractability: false, timeouts: {implicit: 0, pageLoad: 300000, script: 30000}, unhandledPromptBehavior: dismiss and notify, webauthn:extension:credBlob: true, webauthn:extension:largeBlob: true, webauthn:extension:minPinLength: true, webauthn:extension:prf: true, webauthn:virtualAuthenticators: true}
Session ID: 2e73fcf9080207d894a1b579bff9ea0b" type="org.openqa.selenium.InvalidArgumentException">
      <![CDATA[org.openqa.selenium.InvalidArgumentException: invalid argument
  (Session info: chrome=131.0.6778.140)
Build info: version: '4.25.0', revision: '8a8aea2337'
System info: os.name: 'Windows 11', os.arch: 'amd64', os.version: '10.0', java.version: '22.0.1'
Driver info: org.openqa.selenium.chrome.ChromeDriver
Command: [2e73fcf9080207d894a1b579bff9ea0b, get {url=//Open in new tab and paste the link
@Test(priority = 4)
public void submitresponse() throws InterruptedException, UnsupportedFlavorException, IOException{
String myText = (String) Toolkit.getDefaultToolkit().getSystemClipboard().getData(DataFlavor.stringFlavor);
JavascriptExecutor js = (JavascriptExecutor) driver;
        js.executeScript("window.open();");
        
        Set<String> windowHandles = driver.getWindowHandles();
        String[] handles = windowHandles.toArray(new String[0]);
            driver.switchTo().window(handles[handles.length - 1]);
            driver.get(myText);
            Actions actions1 = new Actions(driver);
        actions1.sendKeys(Keys.ENTER).perform();
         String presentationLink = (String) Toolkit.getDefaultToolkit().getSystemClipboard().getData(DataFlavor.stringFlavor);
         String currentWindowHandle = driver.getWindowHandle();
            String originalTab = driver.getWindowHandle();
            Set<String> allWindowHandles = driver.getWindowHandles();
            ArrayList<String> tabs = new ArrayList<>(allWindowHandles);
         driver.switchTo().window(handles[handles.length - 1]); // Switch to the new tab
         driver.get(presentationLink);
         wait.until(ExpectedConditions.visibilityOfElementLocated(By.tagName("input"))).click();
                wait.until(ExpectedConditions.visibilityOfElementLocated(By.tagName("input"))).sendKeys("prabha");
                wait.until(ExpectedConditions.visibilityOfElementLocated(By.xpath("(//button[@class='btn btn-primary btn-align w-100 ng-tns-c41-0'])[1]"))).click();
                driver.switchTo().window(tabs.get(0));
                wait.until(ExpectedConditions.visibilityOfElementLocated(By.xpath("(//span[normalize-space()=\"Let's go\"])[1]"))).click();
                driver.switchTo().window(tabs.get(1));
         wait.until(ExpectedConditions.elementToBeClickable(By.xpath("(//a[@class='text-decoration-none drag-hand'])[1]"))).click();
         wait.until(ExpectedConditions.elementToBeClickable(By.xpath("(//a[@class='text-decoration-none drag-hand'])[1]"))).click();
         wait.until(ExpectedConditions.elementToBeClickable(By.xpath("(//a[@class='text-decoration-none drag-hand'])[1]"))).click();
         wait.until(ExpectedConditions.elementToBeClickable(By.xpath("(//a[@class='text-decoration-none drag-hand'])[1]"))).click();
         Thread.sleep(3000);
         JavascriptExecutor js2 = (JavascriptExecutor) driver;

        // Scroll to the bottom of the page
        js2.executeScript("window.scrollTo(0, document.body.scrollHeight);");
         wait.until(ExpectedConditions.elementToBeClickable(By.xpath("(//a[@class='text-decoration-none drag-hand'])[1]"))).click();
        
         WebElement element = wait.until(ExpectedConditions.elementToBeClickable(By.xpath("//span[text()='Submit']")));
            element.click();}]
Capabilities {acceptInsecureCerts: false, browserName: chrome, browserVersion: 131.0.6778.140, chrome: {chromedriverVersion: 131.0.6778.204 (52183f9e99a..., userDataDir: C:\Users\Prabha\AppData\Loc...}, fedcm:accounts: true, goog:chromeOptions: {debuggerAddress: localhost:62532}, networkConnectionEnabled: false, pageLoadStrategy: normal, platformName: windows, proxy: Proxy(), se:cdp: ws://localhost:62532/devtoo..., se:cdpVersion: 131.0.6778.140, setWindowRect: true, strictFileInteractability: false, timeouts: {implicit: 0, pageLoad: 300000, script: 30000}, unhandledPromptBehavior: dismiss and notify, webauthn:extension:credBlob: true, webauthn:extension:largeBlob: true, webauthn:extension:minPinLength: true, webauthn:extension:prf: true, webauthn:virtualAuthenticators: true}
Session ID: 2e73fcf9080207d894a1b579bff9ea0b
at java.base/jdk.internal.reflect.DirectConstructorHandleAccessor.newInstance(DirectConstructorHandleAccessor.java:62)
at java.base/java.lang.reflect.Constructor.newInstanceWithCaller(Constructor.java:502)
at java.base/java.lang.reflect.Constructor.newInstance(Constructor.java:486)
at org.openqa.selenium.remote.ErrorCodec.decode(ErrorCodec.java:167)
at org.openqa.selenium.remote.codec.w3c.W3CHttpResponseCodec.decode(W3CHttpResponseCodec.java:138)
at org.openqa.selenium.remote.codec.w3c.W3CHttpResponseCodec.decode(W3CHttpResponseCodec.java:50)
at org.openqa.selenium.remote.HttpCommandExecutor.execute(HttpCommandExecutor.java:190)
at org.openqa.selenium.remote.service.DriverCommandExecutor.invokeExecute(DriverCommandExecutor.java:216)
at org.openqa.selenium.remote.service.DriverCommandExecutor.execute(DriverCommandExecutor.java:174)
at org.openqa.selenium.remote.RemoteWebDriver.execute(RemoteWebDriver.java:545)
at org.openqa.selenium.remote.RemoteWebDriver.get(RemoteWebDriver.java:313)
at Slidone.Slidoneproject.Lineup.submitresponse(Lineup.java:95)
at java.base/jdk.internal.reflect.DirectMethodHandleAccessor.invoke(DirectMethodHandleAccessor.java:103)
at java.base/java.lang.reflect.Method.invoke(Method.java:580)
at org.testng.internal.invokers.MethodInvocationHelper.invokeMethod(MethodInvocationHelper.java:141)
at org.testng.internal.invokers.TestInvoker.invokeMethod(TestInvoker.java:686)
at org.testng.internal.invokers.TestInvoker.invokeTestMethod(TestInvoker.java:230)
at org.testng.internal.invokers.MethodRunner.runInSequence(MethodRunner.java:63)
at org.testng.internal.invokers.TestInvoker$MethodInvocationAgent.invoke(TestInvoker.java:992)
at org.testng.internal.invokers.TestInvoker.invokeTestMethods(TestInvoker.java:203)
at org.testng.internal.invokers.TestMethodWorker.invokeTestMethods(TestMethodWorker.java:154)
at org.testng.internal.invokers.TestMethodWorker.run(TestMethodWorker.java:134)
at java.base/java.util.ArrayList.forEach(ArrayList.java:1597)
at org.testng.TestRunner.privateRun(TestRunner.java:739)
at org.testng.TestRunner.run(TestRunner.java:614)
at org.testng.SuiteRunner.runTest(SuiteRunner.java:421)
at org.testng.SuiteRunner.runSequentially(SuiteRunner.java:413)
at org.testng.SuiteRunner.privateRun(SuiteRunner.java:373)
at org.testng.SuiteRunner.run(SuiteRunner.java:312)
at org.testng.SuiteRunnerWorker.runSuite(SuiteRunnerWorker.java:52)
at org.testng.SuiteRunnerWorker.run(SuiteRunnerWorker.java:95)
at org.testng.TestNG.runSuitesSequentially(TestNG.java:1274)
at org.testng.TestNG.runSuitesLocally(TestNG.java:1208)
at org.testng.TestNG.runSuites(TestNG.java:1112)
at org.testng.TestNG.run(TestNG.java:1079)
at org.testng.remote.AbstractRemoteTestNG.run(AbstractRemoteTestNG.java:115)
at org.testng.remote.RemoteTestNG.initAndRun(RemoteTestNG.java:293)
at org.testng.remote.RemoteTestNG.main(RemoteTestNG.java:91)
]]>
    </error>
  </testcase> <!-- submitresponse -->
</testsuite> <!-- Slidone.Slidoneproject.Lineup -->
